Performing C SOURCE FILE Test CMAKE_HAVE_LIBC_PTHREAD failed with the following output:
Change Dir: /mnt/c/Users/Joe/Documents/GitHub/cs5335hw-gazebo/cmd/build/CMakeFiles/CMakeTmp

Run Build Command(s):/usr/bin/make cmTC_d1abc/fast && make[2]: Entering directory '/mnt/c/Users/Joe/Documents/GitHub/cs5335hw-gazebo/cmd/build/CMakeFiles/CMakeTmp'
/usr/bin/make -f CMakeFiles/cmTC_d1abc.dir/build.make CMakeFiles/cmTC_d1abc.dir/build
make[3]: Entering directory '/mnt/c/Users/Joe/Documents/GitHub/cs5335hw-gazebo/cmd/build/CMakeFiles/CMakeTmp'
Building C object CMakeFiles/cmTC_d1abc.dir/src.c.o
/usr/bin/cc   -DCMAKE_HAVE_LIBC_PTHREAD   -o CMakeFiles/cmTC_d1abc.dir/src.c.o   -c /mnt/c/Users/Joe/Documents/GitHub/cs5335hw-gazebo/cmd/build/CMakeFiles/CMakeTmp/src.c
Linking C executable cmTC_d1abc
/usr/bin/cmake -E cmake_link_script CMakeFiles/cmTC_d1abc.dir/link.txt --verbose=1
/usr/bin/cc  -DCMAKE_HAVE_LIBC_PTHREAD    -rdynamic CMakeFiles/cmTC_d1abc.dir/src.c.o  -o cmTC_d1abc 
/usr/bin/ld: CMakeFiles/cmTC_d1abc.dir/src.c.o: in function `main':
src.c:(.text+0x46): undefined reference to `pthread_create'
/usr/bin/ld: src.c:(.text+0x52): undefined reference to `pthread_detach'
/usr/bin/ld: src.c:(.text+0x63): undefined reference to `pthread_join'
collect2: error: ld returned 1 exit status
make[3]: *** [CMakeFiles/cmTC_d1abc.dir/build.make:87: cmTC_d1abc] Error 1
make[3]: Leaving directory '/mnt/c/Users/Joe/Documents/GitHub/cs5335hw-gazebo/cmd/build/CMakeFiles/CMakeTmp'
make[2]: *** [Makefile:121: cmTC_d1abc/fast] Error 2
make[2]: Leaving directory '/mnt/c/Users/Joe/Documents/GitHub/cs5335hw-gazebo/cmd/build/CMakeFiles/CMakeTmp'


Source file was:
#include <pthread.h>

void* test_func(void* data)
{
  return data;
}

int main(void)
{
  pthread_t thread;
  pthread_create(&thread, NULL, test_func, NULL);
  pthread_detach(thread);
  pthread_join(thread, NULL);
  pthread_atfork(NULL, NULL, NULL);
  pthread_exit(NULL);

  return 0;
}

Determining if the function pthread_create exists in the pthreads failed with the following output:
Change Dir: /mnt/c/Users/Joe/Documents/GitHub/cs5335hw-gazebo/cmd/build/CMakeFiles/CMakeTmp

Run Build Command(s):/usr/bin/make cmTC_5b50c/fast && make[2]: Entering directory '/mnt/c/Users/Joe/Documents/GitHub/cs5335hw-gazebo/cmd/build/CMakeFiles/CMakeTmp'
/usr/bin/make -f CMakeFiles/cmTC_5b50c.dir/build.make CMakeFiles/cmTC_5b50c.dir/build
make[3]: Entering directory '/mnt/c/Users/Joe/Documents/GitHub/cs5335hw-gazebo/cmd/build/CMakeFiles/CMakeTmp'
Building C object CMakeFiles/cmTC_5b50c.dir/CheckFunctionExists.c.o
/usr/bin/cc   -DCHECK_FUNCTION_EXISTS=pthread_create   -o CMakeFiles/cmTC_5b50c.dir/CheckFunctionExists.c.o   -c /usr/share/cmake-3.16/Modules/CheckFunctionExists.c
Linking C executable cmTC_5b50c
/usr/bin/cmake -E cmake_link_script CMakeFiles/cmTC_5b50c.dir/link.txt --verbose=1
/usr/bin/cc  -DCHECK_FUNCTION_EXISTS=pthread_create    -rdynamic CMakeFiles/cmTC_5b50c.dir/CheckFunctionExists.c.o  -o cmTC_5b50c  -lpthreads 
/usr/bin/ld: cannot find -lpthreads
collect2: error: ld returned 1 exit status
make[3]: *** [CMakeFiles/cmTC_5b50c.dir/build.make:87: cmTC_5b50c] Error 1
make[3]: Leaving directory '/mnt/c/Users/Joe/Documents/GitHub/cs5335hw-gazebo/cmd/build/CMakeFiles/CMakeTmp'
make[2]: *** [Makefile:121: cmTC_5b50c/fast] Error 2
make[2]: Leaving directory '/mnt/c/Users/Joe/Documents/GitHub/cs5335hw-gazebo/cmd/build/CMakeFiles/CMakeTmp'



